app/build/intermediates/manifest_merge_blame_file/debug/manifest-merger-blame-debug-report.txt
1<?xml version="1.0" encoding="utf-8"?>
2<manifest xmlns:android="http://schemas.android.com/apk/res/android"
3    package="com.example.bucket"
4    android:versionCode="1"
5    android:versionName="1.0" >
6
7    <uses-sdk
8        android:minSdkVersion="28"
8-->src/main/AndroidManifest.xml
9        android:targetSdkVersion="32" />
9-->src/main/AndroidManifest.xml
10    // 인터넷 권한 선언
11    <uses-permission android:name="android.permission.INTERNET" />
11-->src/main/AndroidManifest.xml:7:5-67
11-->src/main/AndroidManifest.xml:7:22-64
12    <uses-permission android:name="android.permission.ACCESS_NETWORK_STATE" />
12-->src/main/AndroidManifest.xml:8:5-79
12-->src/main/AndroidManifest.xml:8:22-76
13    // 카메라 권한과 외부저장소 읽고 쓰기 권한
14    <uses-permission android:name="android.permission.CAMERA" />
14-->src/main/AndroidManifest.xml:11:5-65
14-->src/main/AndroidManifest.xml:11:22-62
15    <uses-permission android:name="android.permission.WRITE_EXTERNAL_STORAGE" />
15-->src/main/AndroidManifest.xml:12:5-81
15-->src/main/AndroidManifest.xml:12:22-78
16    <uses-permission android:name="android.permission.READ_EXTERNAL_STORAGE" />
16-->src/main/AndroidManifest.xml:13:5-80
16-->src/main/AndroidManifest.xml:13:22-77
17
18    <uses-feature
18-->src/main/AndroidManifest.xml:15:5-16:35
19        android:name="android.hardware.camera"
19-->src/main/AndroidManifest.xml:15:19-57
20        android:required="true" />
20-->src/main/AndroidManifest.xml:16:9-32
21  // 하드웨어 카메라 사용
22    <application
22-->src/main/AndroidManifest.xml:19:5-71:19
23        android:allowBackup="true"
23-->src/main/AndroidManifest.xml:20:9-35
24        android:appComponentFactory="androidx.core.app.CoreComponentFactory"
24-->[androidx.core:core:1.7.0] AndroidManifest.xml:24:18-86
25        android:debuggable="true"
26        android:extractNativeLibs="false"
27        android:icon="@mipmap/ic_appicon"
27-->src/main/AndroidManifest.xml:21:9-42
28        android:label="@string/app_name"
28-->src/main/AndroidManifest.xml:22:9-41
29        android:networkSecurityConfig="@xml/network_security_config"
29-->src/main/AndroidManifest.xml:28:9-69
30        android:requestLegacyExternalStorage="true"
30-->src/main/AndroidManifest.xml:27:9-52
31        android:roundIcon="@mipmap/ic_appicon_round"
31-->src/main/AndroidManifest.xml:23:9-53
32        android:supportsRtl="true"
32-->src/main/AndroidManifest.xml:24:9-35
33        android:theme="@style/Theme.Bucket"
33-->src/main/AndroidManifest.xml:25:9-44
34        android:usesCleartextTraffic="true" >
34-->src/main/AndroidManifest.xml:26:9-44
35        <activity
35-->src/main/AndroidManifest.xml:29:9-38:20
36            android:name="com.example.bucket.MainActivity"
36-->src/main/AndroidManifest.xml:30:13-41
37            android:exported="true"
37-->src/main/AndroidManifest.xml:32:13-36
38            android:theme="@style/SplashTheme" >
38-->src/main/AndroidManifest.xml:31:13-47
39            <intent-filter>
39-->src/main/AndroidManifest.xml:33:13-37:29
40                <action android:name="android.intent.action.MAIN" />
40-->src/main/AndroidManifest.xml:34:17-69
40-->src/main/AndroidManifest.xml:34:25-66
41
42                <category android:name="android.intent.category.LAUNCHER" />
42-->src/main/AndroidManifest.xml:36:17-77
42-->src/main/AndroidManifest.xml:36:27-74
43            </intent-filter>
44        </activity>
45        <activity android:name="com.example.bucket.LoginActivity" />
45-->src/main/AndroidManifest.xml:40:9-51
45-->src/main/AndroidManifest.xml:40:19-48
46        <activity android:name="com.example.bucket.JoinActivity" />
46-->src/main/AndroidManifest.xml:41:9-50
46-->src/main/AndroidManifest.xml:41:19-47
47        <activity android:name="com.example.bucket.PwFindActivity" />
47-->src/main/AndroidManifest.xml:42:9-52
47-->src/main/AndroidManifest.xml:42:19-49
48        <activity android:name="com.example.bucket.PWsetActivity" />
48-->src/main/AndroidManifest.xml:43:9-51
48-->src/main/AndroidManifest.xml:43:19-48
49        <activity android:name="com.example.bucket.PWokayActivity" />
49-->src/main/AndroidManifest.xml:44:9-52
49-->src/main/AndroidManifest.xml:44:19-49
50        <activity android:name="com.example.bucket.WelcomeActivity" />
50-->src/main/AndroidManifest.xml:45:9-53
50-->src/main/AndroidManifest.xml:45:19-50
51        <activity android:name="com.example.bucket.HomeActivity" />
51-->src/main/AndroidManifest.xml:46:9-50
51-->src/main/AndroidManifest.xml:46:19-47
52        <activity android:name="com.example.bucket.SearchActivity" />
52-->src/main/AndroidManifest.xml:47:9-52
52-->src/main/AndroidManifest.xml:47:19-49
53        <activity android:name="com.example.bucket.MyBKListActivity" />
53-->src/main/AndroidManifest.xml:48:9-54
53-->src/main/AndroidManifest.xml:48:19-51
54        <activity android:name="com.example.bucket.BKListHeartOnlyActivity" />
54-->src/main/AndroidManifest.xml:49:9-61
54-->src/main/AndroidManifest.xml:49:19-58
55        <activity android:name="com.example.bucket.WriteBucket1Activity" />
55-->src/main/AndroidManifest.xml:50:9-58
55-->src/main/AndroidManifest.xml:50:19-55
56        <activity android:name="com.example.bucket.WriteBucket2Activity" />
56-->src/main/AndroidManifest.xml:51:9-58
56-->src/main/AndroidManifest.xml:51:19-55
57        <activity android:name="com.example.bucket.WriteBucket3Activity" />
57-->src/main/AndroidManifest.xml:52:9-58
57-->src/main/AndroidManifest.xml:52:19-55
58        <activity android:name="com.example.bucket.WriteBucket4Activity" />
58-->src/main/AndroidManifest.xml:53:9-58
58-->src/main/AndroidManifest.xml:53:19-55
59        <activity android:name="com.example.bucket.WriteBucketEndActivity" />
59-->src/main/AndroidManifest.xml:54:9-60
59-->src/main/AndroidManifest.xml:54:19-57
60        <activity android:name="com.example.bucket.PointActivity" />
60-->src/main/AndroidManifest.xml:55:9-51
60-->src/main/AndroidManifest.xml:55:19-48
61        <activity android:name="com.example.bucket.PointRankActivity" />
61-->src/main/AndroidManifest.xml:56:9-55
61-->src/main/AndroidManifest.xml:56:19-52
62        <activity android:name="com.example.bucket.MyBKListDetailActivity" />
62-->src/main/AndroidManifest.xml:57:9-60
62-->src/main/AndroidManifest.xml:57:19-57
63        <activity android:name="com.example.bucket.EditBucket1Activity" />
63-->src/main/AndroidManifest.xml:58:9-57
63-->src/main/AndroidManifest.xml:58:19-54
64        <activity android:name="com.example.bucket.EditBucket2Activity" />
64-->src/main/AndroidManifest.xml:59:9-57
64-->src/main/AndroidManifest.xml:59:19-54
65        <activity android:name="com.example.bucket.EditBucket3Activity" />
65-->src/main/AndroidManifest.xml:60:9-57
65-->src/main/AndroidManifest.xml:60:19-54
66        <activity android:name="com.example.bucket.UserBKListDetailActivity" />
66-->src/main/AndroidManifest.xml:61:9-62
66-->src/main/AndroidManifest.xml:61:19-59
67        <activity android:name="com.example.bucket.ServiceAskActivity" />
67-->src/main/AndroidManifest.xml:62:9-56
67-->src/main/AndroidManifest.xml:62:19-53
68        <activity android:name="com.example.bucket.ServiceAskListActivity" />
68-->src/main/AndroidManifest.xml:63:9-60
68-->src/main/AndroidManifest.xml:63:19-57
69        <activity android:name="com.example.bucket.MySetPageActivity" />
69-->src/main/AndroidManifest.xml:64:9-55
69-->src/main/AndroidManifest.xml:64:19-52
70        <activity android:name="com.example.bucket.MySetPageEditActivity" />
70-->src/main/AndroidManifest.xml:65:9-59
70-->src/main/AndroidManifest.xml:65:19-56
71        <activity android:name="com.example.bucket.MyBKListReviewActivity" />
71-->src/main/AndroidManifest.xml:66:9-60
71-->src/main/AndroidManifest.xml:66:19-57
72        <activity android:name="com.example.bucket.MyBKListAchieveActivity" />
72-->src/main/AndroidManifest.xml:67:9-61
72-->src/main/AndroidManifest.xml:67:19-58
73
74        <meta-data
74-->[com.google.android.gms:play-services-basement:18.0.1] AndroidManifest.xml:21:9-23:69
75            android:name="com.google.android.gms.version"
75-->[com.google.android.gms:play-services-basement:18.0.1] AndroidManifest.xml:22:13-58
76            android:value="@integer/google_play_services_version" />
76-->[com.google.android.gms:play-services-basement:18.0.1] AndroidManifest.xml:23:13-66
77
78        <provider
78-->[androidx.emoji2:emoji2:1.0.0] AndroidManifest.xml:26:9-34:20
79            android:name="androidx.startup.InitializationProvider"
79-->[androidx.emoji2:emoji2:1.0.0] AndroidManifest.xml:27:13-67
80            android:authorities="com.example.bucket.androidx-startup"
80-->[androidx.emoji2:emoji2:1.0.0] AndroidManifest.xml:28:13-68
81            android:exported="false" >
81-->[androidx.emoji2:emoji2:1.0.0] AndroidManifest.xml:29:13-37
82            <meta-data
82-->[androidx.emoji2:emoji2:1.0.0] AndroidManifest.xml:31:13-33:52
83                android:name="androidx.emoji2.text.EmojiCompatInitializer"
83-->[androidx.emoji2:emoji2:1.0.0] AndroidManifest.xml:32:17-75
84                android:value="androidx.startup" />
84-->[androidx.emoji2:emoji2:1.0.0] AndroidManifest.xml:33:17-49
85            <meta-data
85-->[androidx.lifecycle:lifecycle-process:2.4.0] AndroidManifest.xml:31:13-33:52
86                android:name="androidx.lifecycle.ProcessLifecycleInitializer"
86-->[androidx.lifecycle:lifecycle-process:2.4.0] AndroidManifest.xml:32:17-78
87                android:value="androidx.startup" />
87-->[androidx.lifecycle:lifecycle-process:2.4.0] AndroidManifest.xml:33:17-49
88        </provider>
89    </application>
90
91</manifest>